
> muneerul-islam@0.1.0 build
> next build

  ▲ Next.js 14.2.35
  - Environments: .env

   Creating an optimized production build ...
 ✓ Compiled successfully
   Linting and checking validity of types ...

./src/app/api/announcements/[id]/route.ts
22:12  Warning: 'error' is defined but never used.  @typescript-eslint/no-unused-vars
31:12  Warning: 'error' is defined but never used.  @typescript-eslint/no-unused-vars

./src/app/api/announcements/route.ts
20:12  Warning: 'error' is defined but never used.  @typescript-eslint/no-unused-vars
39:12  Warning: 'error' is defined but never used.  @typescript-eslint/no-unused-vars

./src/app/api/auth/register/route.ts
26:12  Warning: 'error' is defined but never used.  @typescript-eslint/no-unused-vars

./src/app/api/committees/[id]/route.ts
15:12  Warning: 'error' is defined but never used.  @typescript-eslint/no-unused-vars
28:12  Warning: 'error' is defined but never used.  @typescript-eslint/no-unused-vars

./src/app/api/committees/members/route.ts
29:12  Warning: 'error' is defined but never used.  @typescript-eslint/no-unused-vars
50:12  Warning: 'error' is defined but never used.  @typescript-eslint/no-unused-vars

./src/app/api/committees/route.ts
26:12  Warning: 'error' is defined but never used.  @typescript-eslint/no-unused-vars
45:12  Warning: 'error' is defined but never used.  @typescript-eslint/no-unused-vars

./src/app/api/events/[id]/route.ts
24:12  Warning: 'error' is defined but never used.  @typescript-eslint/no-unused-vars
33:12  Warning: 'error' is defined but never used.  @typescript-eslint/no-unused-vars

./src/app/api/events/route.ts
20:12  Warning: 'error' is defined but never used.  @typescript-eslint/no-unused-vars
44:12  Warning: 'error' is defined but never used.  @typescript-eslint/no-unused-vars

./src/app/api/families/[id]/route.ts
28:12  Warning: 'error' is defined but never used.  @typescript-eslint/no-unused-vars
45:12  Warning: 'error' is defined but never used.  @typescript-eslint/no-unused-vars
54:12  Warning: 'error' is defined but never used.  @typescript-eslint/no-unused-vars

./src/app/api/families/route.ts
39:12  Warning: 'error' is defined but never used.  @typescript-eslint/no-unused-vars

./src/app/api/finance/funds/route.ts
6:27  Warning: 'req' is defined but never used.  @typescript-eslint/no-unused-vars

./src/app/api/finance/reports/route.ts
6:27  Warning: 'req' is defined but never used.  @typescript-eslint/no-unused-vars

./src/app/api/mahallu/route.ts
28:12  Warning: 'error' is defined but never used.  @typescript-eslint/no-unused-vars
41:12  Warning: 'error' is defined but never used.  @typescript-eslint/no-unused-vars

./src/app/api/members/[id]/route.ts
19:12  Warning: 'error' is defined but never used.  @typescript-eslint/no-unused-vars
37:12  Warning: 'error' is defined but never used.  @typescript-eslint/no-unused-vars
46:12  Warning: 'error' is defined but never used.  @typescript-eslint/no-unused-vars

./src/app/api/members/route.ts
43:12  Warning: 'error' is defined but never used.  @typescript-eslint/no-unused-vars
72:12  Warning: 'error' is defined but never used.  @typescript-eslint/no-unused-vars

./src/app/api/portal/donations/route.ts
6:27  Warning: 'req' is defined but never used.  @typescript-eslint/no-unused-vars

./src/app/api/portal/family/route.ts
6:27  Warning: 'req' is defined but never used.  @typescript-eslint/no-unused-vars

./src/app/dashboard/announcements/page.tsx
30:60  Warning: React Hook useEffect has a missing dependency: 'fetchAnnouncements'. Either include it or remove the dependency array.  react-hooks/exhaustive-deps

./src/app/dashboard/committees/page.tsx
35:57  Warning: React Hook useEffect has a missing dependency: 'fetchCommittees'. Either include it or remove the dependency array.  react-hooks/exhaustive-deps

./src/app/dashboard/events/page.tsx
30:53  Warning: React Hook useEffect has a missing dependency: 'fetchEvents'. Either include it or remove the dependency array.  react-hooks/exhaustive-deps

./src/app/dashboard/families/[id]/page.tsx
7:3  Warning: 'PiUserDuotone' is defined but never used.  @typescript-eslint/no-unused-vars
40:38  Warning: React Hook useEffect has a missing dependency: 'fetchFamily'. Either include it or remove the dependency array.  react-hooks/exhaustive-deps
185:44  Warning: 'idx' is defined but never used.  @typescript-eslint/no-unused-vars

./src/app/dashboard/families/page.tsx
60:55  Warning: React Hook useEffect has a missing dependency: 'fetchFamilies'. Either include it or remove the dependency array.  react-hooks/exhaustive-deps

./src/app/dashboard/finance/expenses/page.tsx
57:14  Warning: 'error' is defined but never used.  @typescript-eslint/no-unused-vars
76:14  Warning: 'error' is defined but never used.  @typescript-eslint/no-unused-vars

./src/app/dashboard/finance/funds/page.tsx
53:14  Warning: 'error' is defined but never used.  @typescript-eslint/no-unused-vars

./src/app/dashboard/finance/incomes/page.tsx
53:14  Warning: 'error' is defined but never used.  @typescript-eslint/no-unused-vars
72:14  Warning: 'error' is defined but never used.  @typescript-eslint/no-unused-vars

./src/app/dashboard/members/page.tsx
3:89  Warning: 'PiDropDuotone' is defined but never used.  @typescript-eslint/no-unused-vars
3:104  Warning: 'PiGraduationCapDuotone' is defined but never used.  @typescript-eslint/no-unused-vars
3:128  Warning: 'PiBriefcaseDuotone' is defined but never used.  @typescript-eslint/no-unused-vars
32:39  Warning: React Hook useEffect has a missing dependency: 'fetchMembers'. Either include it or remove the dependency array.  react-hooks/exhaustive-deps

./src/app/dashboard/reports/page.tsx
3:29  Warning: 'PiSpinner' is defined but never used.  @typescript-eslint/no-unused-vars

./src/app/dashboard/settings/page.tsx
3:10  Warning: 'PiGearDuotone' is defined but never used.  @typescript-eslint/no-unused-vars
6:10  Warning: 'mahallu' is assigned a value but never used.  @typescript-eslint/no-unused-vars

./src/app/portal/layout.tsx
3:30  Warning: 'PiWallet' is defined but never used.  @typescript-eslint/no-unused-vars

./src/components/Navbar.tsx
5:23  Warning: 'PiGlobe' is defined but never used.  @typescript-eslint/no-unused-vars

info  - Need to disable some ESLint rules? Learn more here: https://nextjs.org/docs/basic-features/eslint#disabling-rules
   Collecting page data ...
   Generating static pages (0/32) ...
Error fetching portal donations: n [Error]: Dynamic server usage: Route /api/portal/donations couldn't be rendered statically because it used `headers`. See more info here: https://nextjs.org/docs/messages/dynamic-server-error
    at l (/home/abdulsamad/Desktop/projects/muneerul-islam/.next/server/chunks/8948.js:1:37220)
    at d (/home/abdulsamad/Desktop/projects/muneerul-islam/.next/server/chunks/1790.js:25:27870)
    at s (/home/abdulsamad/Desktop/projects/muneerul-islam/.next/server/chunks/1790.js:25:20859)
    at d (/home/abdulsamad/Desktop/projects/muneerul-islam/.next/server/app/api/portal/donations/route.js:1:1259)
    at /home/abdulsamad/Desktop/projects/muneerul-islam/node_modules/next/dist/compiled/next-server/app-route.runtime.prod.js:6:38417
    at /home/abdulsamad/Desktop/projects/muneerul-islam/node_modules/next/dist/server/lib/trace/tracer.js:140:36
    at NoopContextManager.with (/home/abdulsamad/Desktop/projects/muneerul-islam/node_modules/next/dist/compiled/@opentelemetry/api/index.js:1:7062)
    at ContextAPI.with (/home/abdulsamad/Desktop/projects/muneerul-islam/node_modules/next/dist/compiled/@opentelemetry/api/index.js:1:518)
    at NoopTracer.startActiveSpan (/home/abdulsamad/Desktop/projects/muneerul-islam/node_modules/next/dist/compiled/@opentelemetry/api/index.js:1:18093)
    at ProxyTracer.startActiveSpan (/home/abdulsamad/Desktop/projects/muneerul-islam/node_modules/next/dist/compiled/@opentelemetry/api/index.js:1:18854) {
  description: "Route /api/portal/donations couldn't be rendered statically because it used `headers`. See more info here: https://nextjs.org/docs/messages/dynamic-server-error",
  digest: 'DYNAMIC_SERVER_USAGE'
}
Error generating reports: n [Error]: Dynamic server usage: Route /api/finance/reports couldn't be rendered statically because it used `headers`. See more info here: https://nextjs.org/docs/messages/dynamic-server-error
    at l (/home/abdulsamad/Desktop/projects/muneerul-islam/.next/server/chunks/8948.js:1:37220)
    at d (/home/abdulsamad/Desktop/projects/muneerul-islam/.next/server/chunks/1790.js:25:27870)
    at s (/home/abdulsamad/Desktop/projects/muneerul-islam/.next/server/chunks/1790.js:25:20859)
    at c (/home/abdulsamad/Desktop/projects/muneerul-islam/.next/server/app/api/finance/reports/route.js:1:1257)
    at /home/abdulsamad/Desktop/projects/muneerul-islam/node_modules/next/dist/compiled/next-server/app-route.runtime.prod.js:6:38417
    at /home/abdulsamad/Desktop/projects/muneerul-islam/node_modules/next/dist/server/lib/trace/tracer.js:140:36
    at NoopContextManager.with (/home/abdulsamad/Desktop/projects/muneerul-islam/node_modules/next/dist/compiled/@opentelemetry/api/index.js:1:7062)
    at ContextAPI.with (/home/abdulsamad/Desktop/projects/muneerul-islam/node_modules/next/dist/compiled/@opentelemetry/api/index.js:1:518)
    at NoopTracer.startActiveSpan (/home/abdulsamad/Desktop/projects/muneerul-islam/node_modules/next/dist/compiled/@opentelemetry/api/index.js:1:18093)
    at ProxyTracer.startActiveSpan (/home/abdulsamad/Desktop/projects/muneerul-islam/node_modules/next/dist/compiled/@opentelemetry/api/index.js:1:18854) {
  description: "Route /api/finance/reports couldn't be rendered statically because it used `headers`. See more info here: https://nextjs.org/docs/messages/dynamic-server-error",
  digest: 'DYNAMIC_SERVER_USAGE'
}
Error fetching portal family: n [Error]: Dynamic server usage: Route /api/portal/family couldn't be rendered statically because it used `headers`. See more info here: https://nextjs.org/docs/messages/dynamic-server-error
    at l (/home/abdulsamad/Desktop/projects/muneerul-islam/.next/server/chunks/8948.js:1:37220)
    at d (/home/abdulsamad/Desktop/projects/muneerul-islam/.next/server/chunks/1790.js:25:27870)
    at s (/home/abdulsamad/Desktop/projects/muneerul-islam/.next/server/chunks/1790.js:25:20859)
    at d (/home/abdulsamad/Desktop/projects/muneerul-islam/.next/server/app/api/portal/family/route.js:1:1258)
    at /home/abdulsamad/Desktop/projects/muneerul-islam/node_modules/next/dist/compiled/next-server/app-route.runtime.prod.js:6:38417
    at /home/abdulsamad/Desktop/projects/muneerul-islam/node_modules/next/dist/server/lib/trace/tracer.js:140:36
    at NoopContextManager.with (/home/abdulsamad/Desktop/projects/muneerul-islam/node_modules/next/dist/compiled/@opentelemetry/api/index.js:1:7062)
    at ContextAPI.with (/home/abdulsamad/Desktop/projects/muneerul-islam/node_modules/next/dist/compiled/@opentelemetry/api/index.js:1:518)
    at NoopTracer.startActiveSpan (/home/abdulsamad/Desktop/projects/muneerul-islam/node_modules/next/dist/compiled/@opentelemetry/api/index.js:1:18093)
    at ProxyTracer.startActiveSpan (/home/abdulsamad/Desktop/projects/muneerul-islam/node_modules/next/dist/compiled/@opentelemetry/api/index.js:1:18854) {
  description: "Route /api/portal/family couldn't be rendered statically because it used `headers`. See more info here: https://nextjs.org/docs/messages/dynamic-server-error",
  digest: 'DYNAMIC_SERVER_USAGE'
}
   Generating static pages (8/32) 
   Generating static pages (16/32) 
   Generating static pages (24/32) 
Error fetching audit logs: n [Error]: Dynamic server usage: Route /api/finance/audit couldn't be rendered statically because it used `headers`. See more info here: https://nextjs.org/docs/messages/dynamic-server-error
    at l (/home/abdulsamad/Desktop/projects/muneerul-islam/.next/server/chunks/8948.js:1:37220)
    at d (/home/abdulsamad/Desktop/projects/muneerul-islam/.next/server/chunks/1790.js:25:27870)
    at s (/home/abdulsamad/Desktop/projects/muneerul-islam/.next/server/chunks/1790.js:25:20859)
    at d (/home/abdulsamad/Desktop/projects/muneerul-islam/.next/server/app/api/finance/audit/route.js:1:1257)
    at /home/abdulsamad/Desktop/projects/muneerul-islam/node_modules/next/dist/compiled/next-server/app-route.runtime.prod.js:6:38417
    at /home/abdulsamad/Desktop/projects/muneerul-islam/node_modules/next/dist/server/lib/trace/tracer.js:140:36
    at NoopContextManager.with (/home/abdulsamad/Desktop/projects/muneerul-islam/node_modules/next/dist/compiled/@opentelemetry/api/index.js:1:7062)
    at ContextAPI.with (/home/abdulsamad/Desktop/projects/muneerul-islam/node_modules/next/dist/compiled/@opentelemetry/api/index.js:1:518)
    at NoopTracer.startActiveSpan (/home/abdulsamad/Desktop/projects/muneerul-islam/node_modules/next/dist/compiled/@opentelemetry/api/index.js:1:18093)
    at ProxyTracer.startActiveSpan (/home/abdulsamad/Desktop/projects/muneerul-islam/node_modules/next/dist/compiled/@opentelemetry/api/index.js:1:18854) {
  description: "Route /api/finance/audit couldn't be rendered statically because it used `headers`. See more info here: https://nextjs.org/docs/messages/dynamic-server-error",
  digest: 'DYNAMIC_SERVER_USAGE'
}
 ✓ Generating static pages (32/32)
   Finalizing page optimization ...
   Collecting build traces ...

Route (app)                              Size     First Load JS
┌ ○ /                                    5.69 kB         112 kB
├ ○ /_not-found                          880 B          88.8 kB
├ ○ /about                               5.75 kB         103 kB
├ ƒ /api/announcements                   0 B                0 B
├ ƒ /api/announcements/[id]              0 B                0 B
├ ƒ /api/auth/[...nextauth]              0 B                0 B
├ ƒ /api/auth/register                   0 B                0 B
├ ƒ /api/committees                      0 B                0 B
├ ƒ /api/committees/[id]                 0 B                0 B
├ ƒ /api/committees/members              0 B                0 B
├ ƒ /api/events                          0 B                0 B
├ ƒ /api/events/[id]                     0 B                0 B
├ ƒ /api/families                        0 B                0 B
├ ƒ /api/families/[id]                   0 B                0 B
├ ƒ /api/finance/audit                   0 B                0 B
├ ƒ /api/finance/expenses                0 B                0 B
├ ƒ /api/finance/expenses/[id]           0 B                0 B
├ ƒ /api/finance/funds                   0 B                0 B
├ ƒ /api/finance/incomes                 0 B                0 B
├ ƒ /api/finance/incomes/generate        0 B                0 B
├ ƒ /api/finance/reports                 0 B                0 B
├ ƒ /api/mahallu                         0 B                0 B
├ ƒ /api/members                         0 B                0 B
├ ƒ /api/members/[id]                    0 B                0 B
├ ƒ /api/portal/donations                0 B                0 B
├ ƒ /api/portal/family                   0 B                0 B
├ ƒ /api/reports                         0 B                0 B
├ ○ /committee                           6 kB            103 kB
├ ○ /contact                             6.03 kB         103 kB
├ ○ /dashboard                           15.3 kB         221 kB
├ ○ /dashboard/announcements             3.64 kB         101 kB
├ ○ /dashboard/committees                4.18 kB         101 kB
├ ○ /dashboard/events                    3.84 kB         101 kB
├ ○ /dashboard/families                  3.51 kB         110 kB
├ ƒ /dashboard/families/[id]             3.66 kB         110 kB
├ ○ /dashboard/finance/expenses          3.46 kB         110 kB
├ ○ /dashboard/finance/funds             2.61 kB        99.8 kB
├ ○ /dashboard/finance/incomes           3.25 kB         100 kB
├ ○ /dashboard/finance/reports           7.64 kB         342 kB
├ ○ /dashboard/members                   3 kB            100 kB
├ ○ /dashboard/reports                   2.91 kB         100 kB
├ ○ /dashboard/settings                  2.69 kB        99.9 kB
├ ○ /gallery                             4.85 kB        92.8 kB
├ ○ /login                               3.18 kB         100 kB
└ ○ /portal                              2.74 kB         238 kB
+ First Load JS shared by all            88 kB
  ├ chunks/117-9466dd3c0db5869b.js       32 kB
  ├ chunks/fd9d1056-188df4eb4f4176ca.js  53.8 kB
  └ other shared chunks (total)          2.11 kB


ƒ Middleware                             49.4 kB

○  (Static)   prerendered as static content
ƒ  (Dynamic)  server-rendered on demand

